 
****************************************
Report : area
Design : slave_mem_axi4lite
Version: K-2015.06
Date   : Wed Jun 25 03:39:48 2025
****************************************

Library(s) Used:

    scmetro_tsmc_cl013g_rvt_tt_1p2v_25c (File: /home/IC/Projects/axi/libraries/std_cells/scmetro_tsmc_cl013g_rvt_tt_1p2v_25c.db)

Number of ports:                          268
Number of nets:                          6510
Number of cells:                         6290
Number of combinational cells:           4149
Number of sequential cells:              2138
Number of macros/black boxes:               0
Number of buf/inv:                       1256
Number of references:                      13

Combinational area:              46464.354312
Buf/Inv area:                     9271.219451
Noncombinational area:           45478.276663
Macro/Black Box area:                0.000000
Net Interconnect area:         2563551.590820

Total cell area:                 91942.630975
Total area:                    2655494.221795

Hierarchical area distribution
------------------------------

                                  Global cell area            Local cell area
                                  -------------------  ------------------------------ 
Hierarchical cell                 Absolute    Percent  Combi-      Noncombi-   Black-
                                  Total       Total    national    national    boxes   Design
--------------------------------  ----------  -------  ----------  ----------  ------  ---------------
slave_mem_axi4lite                91942.6310    100.0    210.6293     51.7748  0.0000  slave_mem_axi4lite
u0_fsm                             1736.8092      1.9    594.2335   1142.5757  0.0000  wr_fsm
u0_mem                            89829.2778     97.7  45623.0138  44206.2640  0.0000  mem_single_port
u1_fsm                              114.1399      0.1     36.4777     77.6622  0.0000  rd_fsm
--------------------------------  ----------  -------  ----------  ----------  ------  ---------------
Total                                                  46464.3543  45478.2767  0.0000

1
