 
****************************************
Report : timing
        -path full
        -delay max
        -max_paths 1
Design : slave_mem_axi4lite
Version: K-2015.06
Date   : Wed Jun 25 03:39:49 2025
****************************************

 # A fanout number of 1000 was used for high fanout net computations.

Operating Conditions: scmetro_tsmc_cl013g_rvt_ss_1p08v_125c   Library: scmetro_tsmc_cl013g_rvt_ss_1p08v_125c
Wire Load Model Mode: top

  Startpoint: u0_fsm/AWREADY_reg
              (rising edge-triggered flip-flop clocked by CLK)
  Endpoint: axi_slave.AWREADY
            (output port clocked by CLK)
  Path Group: CLK
  Path Type: max

  Des/Clust/Port     Wire Load Model       Library
  ------------------------------------------------
  slave_mem_axi4lite tsmc13_wl30           scmetro_tsmc_cl013g_rvt_ss_1p08v_125c

  Point                                    Incr       Path
  -----------------------------------------------------------
  clock CLK (rise edge)                    0.00       0.00
  clock network delay (ideal)              0.00       0.00
  u0_fsm/AWREADY_reg/CK (DFFSX2M)          0.00 #     0.00 r
  u0_fsm/AWREADY_reg/Q (DFFSX2M)           0.53       0.53 r
  u0_fsm/U73/Y (CLKINVX2M)                 0.40       0.93 f
  u0_fsm/U74/Y (CLKINVX40M)                9.78      10.71 r
  u0_fsm/AWREADY (wr_fsm)                  0.00      10.71 r
  axi_slave.AWREADY (out)                  0.00      10.71 r
  data arrival time                                  10.71

  clock CLK (rise edge)                   12.00      12.00
  clock network delay (ideal)              0.00      12.00
  clock uncertainty                       -1.00      11.00
  output external delay                   -0.20      10.80
  data required time                                 10.80
  -----------------------------------------------------------
  data required time                                 10.80
  data arrival time                                 -10.71
  -----------------------------------------------------------
  slack (MET)                                         0.09


1
